<!DOCTYPE html PUBLIC "-//W3C//DTD XHTML 1.1//EN" "http://www.w3.org/TR/xhtml11/DTD/xhtml11.dtd">
<html xmlns="http://www.w3.org/1999/xhtml"><head><title>TestNG Report</title><style type="text/css">table {margin-bottom:10px;border-collapse:collapse;empty-cells:show}th,td {border:1px solid #009;padding:.25em .5em}th {vertical-align:bottom}td {vertical-align:top}table a {font-weight:bold}.stripe td {background-color: #E6EBF9}.num {text-align:right}.passedodd td {background-color: #3F3}.passedeven td {background-color: #0A0}.skippedodd td {background-color: #DDD}.skippedeven td {background-color: #CCC}.failedodd td,.attn {background-color: #F33}.failedeven td,.stripe .attn {background-color: #D00}.stacktrace {white-space:pre;font-family:monospace}.totop {font-size:85%;text-align:center;border-bottom:2px solid #000}</style></head><body><table><tr><th>Test</th><th># Passed</th><th># Skipped</th><th># Failed</th><th>Time (ms)</th><th>Included Groups</th><th>Excluded Groups</th></tr><tr><th colspan="7">FREE LearnApplication Test Automation Test Suite</th></tr><tr><td><a href="#t0">Free Learn App Test Cases</a></td><td class="num">1</td><td class="num">0</td><td class="num attn">2</td><td class="num">92,640</td><td></td><td></td></tr></table><table id='summary'><thead><tr><th>Class</th><th>Method</th><th>Start</th><th>Time (ms)</th></tr></thead><tbody><tr><th colspan="4">FREE LearnApplication Test Automation Test Suite</th></tr></tbody><tbody id="t0"><tr><th colspan="4">Free Learn App Test Cases &#8212; failed</th></tr><tr class="failedeven"><td rowspan="2">com.learn.qa.testcases.DashboardPageTest</td><td><a href="#m0">clickloginbutton</a></td><td rowspan="1">1560800537075</td><td rowspan="1">23685</td></tr><tr class="failedeven"><td><a href="#m1">loginPageTitleTest1</a></td><td rowspan="1">1560800497319</td><td rowspan="1">45</td></tr><tr><th colspan="4">Free Learn App Test Cases &#8212; passed</th></tr><tr class="passedeven"><td rowspan="1">com.learn.qa.testcases.DashboardPageTest</td><td><a href="#m2">learnLogoImageTest1</a></td><td rowspan="1">1560800515433</td><td rowspan="1">3645</td></tr></tbody></table><h2>Free Learn App Test Cases</h2><h3 id="m0">com.learn.qa.testcases.DashboardPageTest#clickloginbutton</h3><table class="result"><tr><th>Exception</th></tr><tr><td><div class="stacktrace">org.openqa.selenium.NoSuchElementException: no such element: Unable to locate element: {&quot;method&quot;:&quot;xpath&quot;,&quot;selector&quot;:&quot;//a[contains(text(),&apos;Login1&apos;)]&quot;}
  (Session info: chrome=75.0.3770.90)
For documentation on this error, please visit: http://seleniumhq.org/exceptions/no_such_element.html
Build info: version: &apos;3.14.0&apos;, revision: &apos;aacccce0&apos;, time: &apos;2018-08-02T20:19:58.91Z&apos;
System info: host: &apos;NITESH-PC&apos;, ip: &apos;192.168.2.33&apos;, os.name: &apos;Windows 7&apos;, os.arch: &apos;x86&apos;, os.version: &apos;6.1&apos;, java.version: &apos;1.8.0_72&apos;
Driver info: org.openqa.selenium.chrome.ChromeDriver
Capabilities {acceptInsecureCerts: false, browserName: chrome, browserVersion: 75.0.3770.90, chrome: {chromedriverVersion: 75.0.3770.90 (a6dcaf7e3ec6f..., userDataDir: C:\Users\nitesh\AppData\Loc...}, goog:chromeOptions: {debuggerAddress: localhost:52187}, javascriptEnabled: true, networkConnectionEnabled: false, pageLoadStrategy: normal, platform: XP, platformName: XP, proxy: Proxy(), setWindowRect: true, strictFileInteractability: false, timeouts: {implicit: 0, pageLoad: 300000, script: 30000}, unhandledPromptBehavior: dismiss and notify}
Session ID: 585b70932b0f4c9ad4ffa2dfd0fac407
*** Element info: {Using=xpath, value=//a[contains(text(),&apos;Login1&apos;)]}
	at org.openqa.selenium.remote.http.W3CHttpResponseCodec.createException(W3CHttpResponseCodec.java:187)
	at org.openqa.selenium.remote.http.W3CHttpResponseCodec.decode(W3CHttpResponseCodec.java:122)
	at org.openqa.selenium.remote.http.W3CHttpResponseCodec.decode(W3CHttpResponseCodec.java:49)
	at org.openqa.selenium.remote.HttpCommandExecutor.execute(HttpCommandExecutor.java:158)
	at org.openqa.selenium.remote.service.DriverCommandExecutor.execute(DriverCommandExecutor.java:83)
	at org.openqa.selenium.remote.RemoteWebDriver.execute(RemoteWebDriver.java:548)
	at org.openqa.selenium.remote.RemoteWebDriver.findElement(RemoteWebDriver.java:322)
	at org.openqa.selenium.remote.RemoteWebDriver.findElementByXPath(RemoteWebDriver.java:424)
	at org.openqa.selenium.By$ByXPath.findElement(By.java:353)
	at org.openqa.selenium.remote.RemoteWebDriver.findElement(RemoteWebDriver.java:314)
	at org.openqa.selenium.support.events.EventFiringWebDriver.lambda$new$1(EventFiringWebDriver.java:105)
	at com.sun.proxy.$Proxy6.findElement(Unknown Source)
	at org.openqa.selenium.support.events.EventFiringWebDriver.findElement(EventFiringWebDriver.java:194)
	at org.openqa.selenium.support.pagefactory.DefaultElementLocator.findElement(DefaultElementLocator.java:69)
	at org.openqa.selenium.support.pagefactory.internal.LocatingElementHandler.invoke(LocatingElementHandler.java:38)
	at com.sun.proxy.$Proxy10.click(Unknown Source)
	at com.learn.qa.pages.DashboardPage.login(DashboardPage.java:30)
	at com.learn.qa.testcases.DashboardPageTest.clickloginbutton(DashboardPageTest.java:33)
... Removed 33 stack frames</div></td></tr></table><p class="totop"><a href="#summary">back to summary</a></p><h3 id="m1">com.learn.qa.testcases.DashboardPageTest#loginPageTitleTest1</h3><table class="result"><tr><th>Exception</th></tr><tr><td><div class="stacktrace">java.lang.AssertionError: expected [Welcome to Let&apos;s Kode It] but found [Home | Let&apos;s Kode It]
	at com.learn.qa.testcases.DashboardPageTest.loginPageTitleTest1(DashboardPageTest.java:40)
... Removed 31 stack frames</div></td></tr></table><p class="totop"><a href="#summary">back to summary</a></p><h3 id="m2">com.learn.qa.testcases.DashboardPageTest#learnLogoImageTest1</h3><table class="result"></table><p class="totop"><a href="#summary">back to summary</a></p></body></html>